android/app/build/intermediates/manifest_merge_blame_file/release/manifest-merger-blame-release-report.txt
1<?xml version="1.0" encoding="utf-8"?>
2<manifest xmlns:android="http://schemas.android.com/apk/res/android"
3    package="com.nagarrakshak"
4    android:versionCode="1"
5    android:versionName="1.0" >
6
7    <uses-sdk
8        android:minSdkVersion="26"
9        android:targetSdkVersion="34" />
10
11    <!-- Permissions for NagarRakshak -->
12    <uses-permission android:name="android.permission.INTERNET" />
12-->src\main\AndroidManifest.xml:6:5-67
12-->src\main\AndroidManifest.xml:6:22-64
13    <uses-permission android:name="android.permission.ACCESS_FINE_LOCATION" />
13-->src\main\AndroidManifest.xml:7:5-79
13-->src\main\AndroidManifest.xml:7:22-76
14    <uses-permission android:name="android.permission.ACCESS_COARSE_LOCATION" />
14-->src\main\AndroidManifest.xml:8:5-81
14-->src\main\AndroidManifest.xml:8:22-78
15    <uses-permission android:name="android.permission.CAMERA" />
15-->src\main\AndroidManifest.xml:9:5-65
15-->src\main\AndroidManifest.xml:9:22-62
16    <uses-permission android:name="android.permission.VIBRATE" />
16-->src\main\AndroidManifest.xml:10:5-66
16-->src\main\AndroidManifest.xml:10:22-63
17    <uses-permission android:name="android.permission.REQUEST_INSTALL_PACKAGES" />
17-->src\main\AndroidManifest.xml:11:5-83
17-->src\main\AndroidManifest.xml:11:22-80
18    <uses-permission android:name="android.permission.POST_NOTIFICATIONS" />
18-->src\main\AndroidManifest.xml:12:5-77
18-->src\main\AndroidManifest.xml:12:22-74
19
20    <!-- Include required permissions for Google Maps API to run. -->
21    <uses-permission android:name="android.permission.ACCESS_NETWORK_STATE" />
21-->[com.google.android.gms:play-services-maps:18.2.0] AndroidManifest.xml:23:5-79
21-->[com.google.android.gms:play-services-maps:18.2.0] AndroidManifest.xml:23:22-76
22
23    <uses-feature
23-->[com.google.android.gms:play-services-maps:18.2.0] AndroidManifest.xml:26:5-28:35
24        android:glEsVersion="0x00020000"
24-->[com.google.android.gms:play-services-maps:18.2.0] AndroidManifest.xml:27:9-41
25        android:required="true" />
25-->[com.google.android.gms:play-services-maps:18.2.0] AndroidManifest.xml:28:9-32
26
27    <queries>
27-->[com.google.android.gms:play-services-maps:18.2.0] AndroidManifest.xml:30:5-34:15
28
29        <!-- Needs to be explicitly declared on Android R+ -->
30        <package android:name="com.google.android.apps.maps" />
30-->[com.google.android.gms:play-services-maps:18.2.0] AndroidManifest.xml:33:9-64
30-->[com.google.android.gms:play-services-maps:18.2.0] AndroidManifest.xml:33:18-61
31    </queries>
32
33    <uses-permission android:name="android.permission.WAKE_LOCK" /> <!-- Required by older versions of Google Play services to create IID tokens -->
33-->[com.google.firebase:firebase-messaging:24.0.0] AndroidManifest.xml:24:5-68
33-->[com.google.firebase:firebase-messaging:24.0.0] AndroidManifest.xml:24:22-65
34    <uses-permission android:name="com.google.android.c2dm.permission.RECEIVE" />
34-->[com.google.firebase:firebase-messaging:24.0.0] AndroidManifest.xml:26:5-82
34-->[com.google.firebase:firebase-messaging:24.0.0] AndroidManifest.xml:26:22-79
35    <uses-permission android:name="com.google.android.providers.gsf.permission.READ_GSERVICES" />
35-->[com.google.android.recaptcha:recaptcha:18.4.0] AndroidManifest.xml:9:5-98
35-->[com.google.android.recaptcha:recaptcha:18.4.0] AndroidManifest.xml:9:22-95
36
37    <permission
37-->[androidx.core:core:1.12.0] AndroidManifest.xml:22:5-24:47
38        android:name="com.nagarrakshak.DYNAMIC_RECEIVER_NOT_EXPORTED_PERMISSION"
38-->[androidx.core:core:1.12.0] AndroidManifest.xml:23:9-81
39        android:protectionLevel="signature" />
39-->[androidx.core:core:1.12.0] AndroidManifest.xml:24:9-44
40
41    <uses-permission android:name="com.nagarrakshak.DYNAMIC_RECEIVER_NOT_EXPORTED_PERMISSION" />
41-->[androidx.core:core:1.12.0] AndroidManifest.xml:26:5-97
41-->[androidx.core:core:1.12.0] AndroidManifest.xml:26:22-94
42
43    <application
43-->src\main\AndroidManifest.xml:14:5-57:19
44        android:name="com.nagarrakshak.NagarRakshakApp"
44-->src\main\AndroidManifest.xml:15:9-40
45        android:allowBackup="true"
45-->src\main\AndroidManifest.xml:16:9-35
46        android:appComponentFactory="androidx.core.app.CoreComponentFactory"
46-->[androidx.core:core:1.12.0] AndroidManifest.xml:28:18-86
47        android:dataExtractionRules="@xml/data_extraction_rules"
47-->src\main\AndroidManifest.xml:18:9-65
48        android:extractNativeLibs="false"
49        android:fullBackupContent="@xml/backup_rules"
49-->src\main\AndroidManifest.xml:19:9-54
50        android:icon="@mipmap/ic_launcher"
50-->src\main\AndroidManifest.xml:20:9-43
51        android:label="@string/app_name"
51-->src\main\AndroidManifest.xml:21:9-41
52        android:roundIcon="@mipmap/ic_launcher_round"
52-->src\main\AndroidManifest.xml:22:9-54
53        android:supportsRtl="true"
53-->src\main\AndroidManifest.xml:23:9-35
54        android:theme="@style/Theme.NagarRakshak"
54-->src\main\AndroidManifest.xml:24:9-50
55        android:usesCleartextTraffic="true" >
55-->src\main\AndroidManifest.xml:17:9-44
56        <meta-data
56-->src\main\AndroidManifest.xml:26:9-28:71
57            android:name="com.google.android.geo.API_KEY"
57-->src\main\AndroidManifest.xml:27:13-58
58            android:value="AIzaSyBF3rOaJLB3Bcl-PdkrtMXFTuLUp_xECl8" />
58-->src\main\AndroidManifest.xml:28:13-68
59
60        <provider
60-->src\main\AndroidManifest.xml:30:9-38:20
61            android:name="androidx.core.content.FileProvider"
61-->src\main\AndroidManifest.xml:31:13-62
62            android:authorities="com.nagarrakshak.fileprovider"
62-->src\main\AndroidManifest.xml:32:13-64
63            android:exported="false"
63-->src\main\AndroidManifest.xml:33:13-37
64            android:grantUriPermissions="true" >
64-->src\main\AndroidManifest.xml:34:13-47
65            <meta-data
65-->src\main\AndroidManifest.xml:35:13-37:54
66                android:name="android.support.FILE_PROVIDER_PATHS"
66-->src\main\AndroidManifest.xml:36:17-67
67                android:resource="@xml/file_paths" />
67-->src\main\AndroidManifest.xml:37:17-51
68        </provider>
69
70        <activity
70-->src\main\AndroidManifest.xml:40:9-48:20
71            android:name="com.nagarrakshak.MainActivity"
71-->src\main\AndroidManifest.xml:41:13-41
72            android:exported="true"
72-->src\main\AndroidManifest.xml:42:13-36
73            android:theme="@style/Theme.NagarRakshak" >
73-->src\main\AndroidManifest.xml:43:13-54
74            <intent-filter>
74-->src\main\AndroidManifest.xml:44:13-47:29
75                <action android:name="android.intent.action.MAIN" />
75-->src\main\AndroidManifest.xml:45:17-69
75-->src\main\AndroidManifest.xml:45:25-66
76
77                <category android:name="android.intent.category.LAUNCHER" />
77-->src\main\AndroidManifest.xml:46:17-77
77-->src\main\AndroidManifest.xml:46:27-74
78            </intent-filter>
79        </activity>
80
81        <service
81-->src\main\AndroidManifest.xml:50:9-56:19
82            android:name="com.nagarrakshak.MyFirebaseMessagingService"
82-->src\main\AndroidManifest.xml:51:13-55
83            android:exported="false" >
83-->src\main\AndroidManifest.xml:52:13-37
84            <intent-filter>
84-->src\main\AndroidManifest.xml:53:13-55:29
85                <action android:name="com.google.firebase.MESSAGING_EVENT" />
85-->src\main\AndroidManifest.xml:54:17-78
85-->src\main\AndroidManifest.xml:54:25-75
86            </intent-filter>
87        </service>
88        <!-- Needs to be explicitly declared on P+ -->
89        <uses-library
89-->[com.google.android.gms:play-services-maps:18.2.0] AndroidManifest.xml:39:9-41:40
90            android:name="org.apache.http.legacy"
90-->[com.google.android.gms:play-services-maps:18.2.0] AndroidManifest.xml:40:13-50
91            android:required="false" />
91-->[com.google.android.gms:play-services-maps:18.2.0] AndroidManifest.xml:41:13-37
92
93        <activity
93-->[com.google.firebase:firebase-auth:23.0.0] AndroidManifest.xml:29:9-46:20
94            android:name="com.google.firebase.auth.internal.GenericIdpActivity"
94-->[com.google.firebase:firebase-auth:23.0.0] AndroidManifest.xml:30:13-80
95            android:excludeFromRecents="true"
95-->[com.google.firebase:firebase-auth:23.0.0] AndroidManifest.xml:31:13-46
96            android:exported="true"
96-->[com.google.firebase:firebase-auth:23.0.0] AndroidManifest.xml:32:13-36
97            android:launchMode="singleTask"
97-->[com.google.firebase:firebase-auth:23.0.0] AndroidManifest.xml:33:13-44
98            android:theme="@android:style/Theme.Translucent.NoTitleBar" >
98-->[com.google.firebase:firebase-auth:23.0.0] AndroidManifest.xml:34:13-72
99            <intent-filter>
99-->[com.google.firebase:firebase-auth:23.0.0] AndroidManifest.xml:35:13-45:29
100                <action android:name="android.intent.action.VIEW" />
100-->[com.google.firebase:firebase-auth:23.0.0] AndroidManifest.xml:36:17-69
100-->[com.google.firebase:firebase-auth:23.0.0] AndroidManifest.xml:36:25-66
101
102                <category android:name="android.intent.category.DEFAULT" />
102-->[com.google.firebase:firebase-auth:23.0.0] AndroidManifest.xml:38:17-76
102-->[com.google.firebase:firebase-auth:23.0.0] AndroidManifest.xml:38:27-73
103                <category android:name="android.intent.category.BROWSABLE" />
103-->[com.google.firebase:firebase-auth:23.0.0] AndroidManifest.xml:39:17-78
103-->[com.google.firebase:firebase-auth:23.0.0] AndroidManifest.xml:39:27-75
104
105                <data
105-->[com.google.firebase:firebase-auth:23.0.0] AndroidManifest.xml:41:17-44:51
106                    android:host="firebase.auth"
106-->[com.google.firebase:firebase-auth:23.0.0] AndroidManifest.xml:42:21-49
107                    android:path="/"
107-->[com.google.firebase:firebase-auth:23.0.0] AndroidManifest.xml:43:21-37
108                    android:scheme="genericidp" />
108-->[com.google.firebase:firebase-auth:23.0.0] AndroidManifest.xml:44:21-48
109            </intent-filter>
110        </activity>
111        <activity
111-->[com.google.firebase:firebase-auth:23.0.0] AndroidManifest.xml:47:9-64:20
112            android:name="com.google.firebase.auth.internal.RecaptchaActivity"
112-->[com.google.firebase:firebase-auth:23.0.0] AndroidManifest.xml:48:13-79
113            android:excludeFromRecents="true"
113-->[com.google.firebase:firebase-auth:23.0.0] AndroidManifest.xml:49:13-46
114            android:exported="true"
114-->[com.google.firebase:firebase-auth:23.0.0] AndroidManifest.xml:50:13-36
115            android:launchMode="singleTask"
115-->[com.google.firebase:firebase-auth:23.0.0] AndroidManifest.xml:51:13-44
116            android:theme="@android:style/Theme.Translucent.NoTitleBar" >
116-->[com.google.firebase:firebase-auth:23.0.0] AndroidManifest.xml:52:13-72
117            <intent-filter>
117-->[com.google.firebase:firebase-auth:23.0.0] AndroidManifest.xml:53:13-63:29
118                <action android:name="android.intent.action.VIEW" />
118-->[com.google.firebase:firebase-auth:23.0.0] AndroidManifest.xml:36:17-69
118-->[com.google.firebase:firebase-auth:23.0.0] AndroidManifest.xml:36:25-66
119
120                <category android:name="android.intent.category.DEFAULT" />
120-->[com.google.firebase:firebase-auth:23.0.0] AndroidManifest.xml:38:17-76
120-->[com.google.firebase:firebase-auth:23.0.0] AndroidManifest.xml:38:27-73
121                <category android:name="android.intent.category.BROWSABLE" />
121-->[com.google.firebase:firebase-auth:23.0.0] AndroidManifest.xml:39:17-78
121-->[com.google.firebase:firebase-auth:23.0.0] AndroidManifest.xml:39:27-75
122
123                <data
123-->[com.google.firebase:firebase-auth:23.0.0] AndroidManifest.xml:41:17-44:51
124                    android:host="firebase.auth"
124-->[com.google.firebase:firebase-auth:23.0.0] AndroidManifest.xml:42:21-49
125                    android:path="/"
125-->[com.google.firebase:firebase-auth:23.0.0] AndroidManifest.xml:43:21-37
126                    android:scheme="recaptcha" />
126-->[com.google.firebase:firebase-auth:23.0.0] AndroidManifest.xml:44:21-48
127            </intent-filter>
128        </activity>
129
130        <service
130-->[com.google.firebase:firebase-auth:23.0.0] AndroidManifest.xml:66:9-72:19
131            android:name="com.google.firebase.components.ComponentDiscoveryService"
131-->[com.google.firebase:firebase-auth:23.0.0] AndroidManifest.xml:67:13-84
132            android:directBootAware="true"
132-->[com.google.firebase:firebase-common:21.0.0] AndroidManifest.xml:32:13-43
133            android:exported="false" >
133-->[com.google.firebase:firebase-auth:23.0.0] AndroidManifest.xml:68:13-37
134            <meta-data
134-->[com.google.firebase:firebase-auth:23.0.0] AndroidManifest.xml:69:13-71:85
135                android:name="com.google.firebase.components:com.google.firebase.auth.FirebaseAuthRegistrar"
135-->[com.google.firebase:firebase-auth:23.0.0] AndroidManifest.xml:70:17-109
136                android:value="com.google.firebase.components.ComponentRegistrar" />
136-->[com.google.firebase:firebase-auth:23.0.0] AndroidManifest.xml:71:17-82
137            <meta-data
137-->[com.google.firebase:firebase-messaging:24.0.0] AndroidManifest.xml:57:13-59:85
138                android:name="com.google.firebase.components:com.google.firebase.messaging.FirebaseMessagingKtxRegistrar"
138-->[com.google.firebase:firebase-messaging:24.0.0] AndroidManifest.xml:58:17-122
139                android:value="com.google.firebase.components.ComponentRegistrar" />
139-->[com.google.firebase:firebase-messaging:24.0.0] AndroidManifest.xml:59:17-82
140            <meta-data
140-->[com.google.firebase:firebase-messaging:24.0.0] AndroidManifest.xml:60:13-62:85
141                android:name="com.google.firebase.components:com.google.firebase.messaging.FirebaseMessagingRegistrar"
141-->[com.google.firebase:firebase-messaging:24.0.0] AndroidManifest.xml:61:17-119
142                android:value="com.google.firebase.components.ComponentRegistrar" />
142-->[com.google.firebase:firebase-messaging:24.0.0] AndroidManifest.xml:62:17-82
143            <meta-data
143-->[com.google.firebase:firebase-installations:18.0.0] AndroidManifest.xml:15:13-17:85
144                android:name="com.google.firebase.components:com.google.firebase.installations.FirebaseInstallationsKtxRegistrar"
144-->[com.google.firebase:firebase-installations:18.0.0] AndroidManifest.xml:16:17-130
145                android:value="com.google.firebase.components.ComponentRegistrar" />
145-->[com.google.firebase:firebase-installations:18.0.0] AndroidManifest.xml:17:17-82
146            <meta-data
146-->[com.google.firebase:firebase-installations:18.0.0] AndroidManifest.xml:18:13-20:85
147                android:name="com.google.firebase.components:com.google.firebase.installations.FirebaseInstallationsRegistrar"
147-->[com.google.firebase:firebase-installations:18.0.0] AndroidManifest.xml:19:17-127
148                android:value="com.google.firebase.components.ComponentRegistrar" />
148-->[com.google.firebase:firebase-installations:18.0.0] AndroidManifest.xml:20:17-82
149            <meta-data
149-->[com.google.firebase:firebase-common-ktx:21.0.0] AndroidManifest.xml:12:13-14:85
150                android:name="com.google.firebase.components:com.google.firebase.ktx.FirebaseCommonLegacyRegistrar"
150-->[com.google.firebase:firebase-common-ktx:21.0.0] AndroidManifest.xml:13:17-116
151                android:value="com.google.firebase.components.ComponentRegistrar" />
151-->[com.google.firebase:firebase-common-ktx:21.0.0] AndroidManifest.xml:14:17-82
152            <meta-data
152-->[com.google.firebase:firebase-common:21.0.0] AndroidManifest.xml:35:13-37:85
153                android:name="com.google.firebase.components:com.google.firebase.FirebaseCommonKtxRegistrar"
153-->[com.google.firebase:firebase-common:21.0.0] AndroidManifest.xml:36:17-109
154                android:value="com.google.firebase.components.ComponentRegistrar" />
154-->[com.google.firebase:firebase-common:21.0.0] AndroidManifest.xml:37:17-82
155            <meta-data
155-->[com.google.firebase:firebase-datatransport:18.2.0] AndroidManifest.xml:25:13-27:85
156                android:name="com.google.firebase.components:com.google.firebase.datatransport.TransportRegistrar"
156-->[com.google.firebase:firebase-datatransport:18.2.0] AndroidManifest.xml:26:17-115
157                android:value="com.google.firebase.components.ComponentRegistrar" />
157-->[com.google.firebase:firebase-datatransport:18.2.0] AndroidManifest.xml:27:17-82
158        </service>
159        <service
159-->[androidx.credentials:credentials-play-services-auth:1.2.0-rc01] AndroidManifest.xml:24:9-32:19
160            android:name="androidx.credentials.playservices.CredentialProviderMetadataHolder"
160-->[androidx.credentials:credentials-play-services-auth:1.2.0-rc01] AndroidManifest.xml:25:13-94
161            android:enabled="true"
161-->[androidx.credentials:credentials-play-services-auth:1.2.0-rc01] AndroidManifest.xml:26:13-35
162            android:exported="false" >
162-->[androidx.credentials:credentials-play-services-auth:1.2.0-rc01] AndroidManifest.xml:27:13-37
163            <meta-data
163-->[androidx.credentials:credentials-play-services-auth:1.2.0-rc01] AndroidManifest.xml:29:13-31:104
164                android:name="androidx.credentials.CREDENTIAL_PROVIDER_KEY"
164-->[androidx.credentials:credentials-play-services-auth:1.2.0-rc01] AndroidManifest.xml:30:17-76
165                android:value="androidx.credentials.playservices.CredentialProviderPlayServicesImpl" />
165-->[androidx.credentials:credentials-play-services-auth:1.2.0-rc01] AndroidManifest.xml:31:17-101
166        </service>
167
168        <activity
168-->[androidx.credentials:credentials-play-services-auth:1.2.0-rc01] AndroidManifest.xml:34:9-41:20
169            android:name="androidx.credentials.playservices.HiddenActivity"
169-->[androidx.credentials:credentials-play-services-auth:1.2.0-rc01] AndroidManifest.xml:35:13-76
170            android:configChanges="orientation|screenSize|screenLayout|keyboardHidden"
170-->[androidx.credentials:credentials-play-services-auth:1.2.0-rc01] AndroidManifest.xml:36:13-87
171            android:enabled="true"
171-->[androidx.credentials:credentials-play-services-auth:1.2.0-rc01] AndroidManifest.xml:37:13-35
172            android:exported="false"
172-->[androidx.credentials:credentials-play-services-auth:1.2.0-rc01] AndroidManifest.xml:38:13-37
173            android:fitsSystemWindows="true"
173-->[androidx.credentials:credentials-play-services-auth:1.2.0-rc01] AndroidManifest.xml:39:13-45
174            android:theme="@style/Theme.Hidden" >
174-->[androidx.credentials:credentials-play-services-auth:1.2.0-rc01] AndroidManifest.xml:40:13-48
175        </activity>
176        <activity
176-->[com.google.android.gms:play-services-auth:21.2.0] AndroidManifest.xml:23:9-27:75
177            android:name="com.google.android.gms.auth.api.signin.internal.SignInHubActivity"
177-->[com.google.android.gms:play-services-auth:21.2.0] AndroidManifest.xml:24:13-93
178            android:excludeFromRecents="true"
178-->[com.google.android.gms:play-services-auth:21.2.0] AndroidManifest.xml:25:13-46
179            android:exported="false"
179-->[com.google.android.gms:play-services-auth:21.2.0] AndroidManifest.xml:26:13-37
180            android:theme="@android:style/Theme.Translucent.NoTitleBar" />
180-->[com.google.android.gms:play-services-auth:21.2.0] AndroidManifest.xml:27:13-72
181        <!--
182            Service handling Google Sign-In user revocation. For apps that do not integrate with
183            Google Sign-In, this service will never be started.
184        -->
185        <service
185-->[com.google.android.gms:play-services-auth:21.2.0] AndroidManifest.xml:33:9-37:51
186            android:name="com.google.android.gms.auth.api.signin.RevocationBoundService"
186-->[com.google.android.gms:play-services-auth:21.2.0] AndroidManifest.xml:34:13-89
187            android:exported="true"
187-->[com.google.android.gms:play-services-auth:21.2.0] AndroidManifest.xml:35:13-36
188            android:permission="com.google.android.gms.auth.api.signin.permission.REVOCATION_NOTIFICATION"
188-->[com.google.android.gms:play-services-auth:21.2.0] AndroidManifest.xml:36:13-107
189            android:visibleToInstantApps="true" />
189-->[com.google.android.gms:play-services-auth:21.2.0] AndroidManifest.xml:37:13-48
190
191        <receiver
191-->[com.google.firebase:firebase-messaging:24.0.0] AndroidManifest.xml:29:9-40:20
192            android:name="com.google.firebase.iid.FirebaseInstanceIdReceiver"
192-->[com.google.firebase:firebase-messaging:24.0.0] AndroidManifest.xml:30:13-78
193            android:exported="true"
193-->[com.google.firebase:firebase-messaging:24.0.0] AndroidManifest.xml:31:13-36
194            android:permission="com.google.android.c2dm.permission.SEND" >
194-->[com.google.firebase:firebase-messaging:24.0.0] AndroidManifest.xml:32:13-73
195            <intent-filter>
195-->[com.google.firebase:firebase-messaging:24.0.0] AndroidManifest.xml:33:13-35:29
196                <action android:name="com.google.android.c2dm.intent.RECEIVE" />
196-->[com.google.firebase:firebase-messaging:24.0.0] AndroidManifest.xml:34:17-81
196-->[com.google.firebase:firebase-messaging:24.0.0] AndroidManifest.xml:34:25-78
197            </intent-filter>
198
199            <meta-data
199-->[com.google.firebase:firebase-messaging:24.0.0] AndroidManifest.xml:37:13-39:40
200                android:name="com.google.android.gms.cloudmessaging.FINISHED_AFTER_HANDLED"
200-->[com.google.firebase:firebase-messaging:24.0.0] AndroidManifest.xml:38:17-92
201                android:value="true" />
201-->[com.google.firebase:firebase-messaging:24.0.0] AndroidManifest.xml:39:17-37
202        </receiver>
203        <!--
204             FirebaseMessagingService performs security checks at runtime,
205             but set to not exported to explicitly avoid allowing another app to call it.
206        -->
207        <service
207-->[com.google.firebase:firebase-messaging:24.0.0] AndroidManifest.xml:46:9-53:19
208            android:name="com.google.firebase.messaging.FirebaseMessagingService"
208-->[com.google.firebase:firebase-messaging:24.0.0] AndroidManifest.xml:47:13-82
209            android:directBootAware="true"
209-->[com.google.firebase:firebase-messaging:24.0.0] AndroidManifest.xml:48:13-43
210            android:exported="false" >
210-->[com.google.firebase:firebase-messaging:24.0.0] AndroidManifest.xml:49:13-37
211            <intent-filter android:priority="-500" >
211-->src\main\AndroidManifest.xml:53:13-55:29
212                <action android:name="com.google.firebase.MESSAGING_EVENT" />
212-->src\main\AndroidManifest.xml:54:17-78
212-->src\main\AndroidManifest.xml:54:25-75
213            </intent-filter>
214        </service>
215
216        <activity
216-->[com.google.android.gms:play-services-base:18.3.0] AndroidManifest.xml:20:9-22:45
217            android:name="com.google.android.gms.common.api.GoogleApiActivity"
217-->[com.google.android.gms:play-services-base:18.3.0] AndroidManifest.xml:20:19-85
218            android:exported="false"
218-->[com.google.android.gms:play-services-base:18.3.0] AndroidManifest.xml:22:19-43
219            android:theme="@android:style/Theme.Translucent.NoTitleBar" />
219-->[com.google.android.gms:play-services-base:18.3.0] AndroidManifest.xml:21:19-78
220
221        <provider
221-->[com.google.firebase:firebase-common:21.0.0] AndroidManifest.xml:23:9-28:39
222            android:name="com.google.firebase.provider.FirebaseInitProvider"
222-->[com.google.firebase:firebase-common:21.0.0] AndroidManifest.xml:24:13-77
223            android:authorities="com.nagarrakshak.firebaseinitprovider"
223-->[com.google.firebase:firebase-common:21.0.0] AndroidManifest.xml:25:13-72
224            android:directBootAware="true"
224-->[com.google.firebase:firebase-common:21.0.0] AndroidManifest.xml:26:13-43
225            android:exported="false"
225-->[com.google.firebase:firebase-common:21.0.0] AndroidManifest.xml:27:13-37
226            android:initOrder="100" />
226-->[com.google.firebase:firebase-common:21.0.0] AndroidManifest.xml:28:13-36
227        <provider
227-->[androidx.emoji2:emoji2:1.3.0] AndroidManifest.xml:24:9-32:20
228            android:name="androidx.startup.InitializationProvider"
228-->[androidx.emoji2:emoji2:1.3.0] AndroidManifest.xml:25:13-67
229            android:authorities="com.nagarrakshak.androidx-startup"
229-->[androidx.emoji2:emoji2:1.3.0] AndroidManifest.xml:26:13-68
230            android:exported="false" >
230-->[androidx.emoji2:emoji2:1.3.0] AndroidManifest.xml:27:13-37
231            <meta-data
231-->[androidx.emoji2:emoji2:1.3.0] AndroidManifest.xml:29:13-31:52
232                android:name="androidx.emoji2.text.EmojiCompatInitializer"
232-->[androidx.emoji2:emoji2:1.3.0] AndroidManifest.xml:30:17-75
233                android:value="androidx.startup" />
233-->[androidx.emoji2:emoji2:1.3.0] AndroidManifest.xml:31:17-49
234            <meta-data
234-->[androidx.lifecycle:lifecycle-process:2.7.0] AndroidManifest.xml:29:13-31:52
235                android:name="androidx.lifecycle.ProcessLifecycleInitializer"
235-->[androidx.lifecycle:lifecycle-process:2.7.0] AndroidManifest.xml:30:17-78
236                android:value="androidx.startup" />
236-->[androidx.lifecycle:lifecycle-process:2.7.0] AndroidManifest.xml:31:17-49
237            <meta-data
237-->[androidx.profileinstaller:profileinstaller:1.3.1] AndroidManifest.xml:29:13-31:52
238                android:name="androidx.profileinstaller.ProfileInstallerInitializer"
238-->[androidx.profileinstaller:profileinstaller:1.3.1] AndroidManifest.xml:30:17-85
239                android:value="androidx.startup" />
239-->[androidx.profileinstaller:profileinstaller:1.3.1] AndroidManifest.xml:31:17-49
240        </provider>
241
242        <meta-data
242-->[com.google.android.gms:play-services-basement:18.3.0] AndroidManifest.xml:21:9-23:69
243            android:name="com.google.android.gms.version"
243-->[com.google.android.gms:play-services-basement:18.3.0] AndroidManifest.xml:22:13-58
244            android:value="@integer/google_play_services_version" />
244-->[com.google.android.gms:play-services-basement:18.3.0] AndroidManifest.xml:23:13-66
245
246        <service
246-->[com.google.android.datatransport:transport-backend-cct:3.1.9] AndroidManifest.xml:28:9-34:19
247            android:name="com.google.android.datatransport.runtime.backends.TransportBackendDiscovery"
247-->[com.google.android.datatransport:transport-backend-cct:3.1.9] AndroidManifest.xml:29:13-103
248            android:exported="false" >
248-->[com.google.android.datatransport:transport-backend-cct:3.1.9] AndroidManifest.xml:30:13-37
249            <meta-data
249-->[com.google.android.datatransport:transport-backend-cct:3.1.9] AndroidManifest.xml:31:13-33:39
250                android:name="backend:com.google.android.datatransport.cct.CctBackendFactory"
250-->[com.google.android.datatransport:transport-backend-cct:3.1.9] AndroidManifest.xml:32:17-94
251                android:value="cct" />
251-->[com.google.android.datatransport:transport-backend-cct:3.1.9] AndroidManifest.xml:33:17-36
252        </service>
253        <service
253-->[com.google.android.datatransport:transport-runtime:3.1.9] AndroidManifest.xml:26:9-30:19
254            android:name="com.google.android.datatransport.runtime.scheduling.jobscheduling.JobInfoSchedulerService"
254-->[com.google.android.datatransport:transport-runtime:3.1.9] AndroidManifest.xml:27:13-117
255            android:exported="false"
255-->[com.google.android.datatransport:transport-runtime:3.1.9] AndroidManifest.xml:28:13-37
256            android:permission="android.permission.BIND_JOB_SERVICE" >
256-->[com.google.android.datatransport:transport-runtime:3.1.9] AndroidManifest.xml:29:13-69
257        </service>
258
259        <receiver
259-->[com.google.android.datatransport:transport-runtime:3.1.9] AndroidManifest.xml:32:9-34:40
260            android:name="com.google.android.datatransport.runtime.scheduling.jobscheduling.AlarmManagerSchedulerBroadcastReceiver"
260-->[com.google.android.datatransport:transport-runtime:3.1.9] AndroidManifest.xml:33:13-132
261            android:exported="false" />
261-->[com.google.android.datatransport:transport-runtime:3.1.9] AndroidManifest.xml:34:13-37
262        <receiver
262-->[androidx.profileinstaller:profileinstaller:1.3.1] AndroidManifest.xml:34:9-52:20
263            android:name="androidx.profileinstaller.ProfileInstallReceiver"
263-->[androidx.profileinstaller:profileinstaller:1.3.1] AndroidManifest.xml:35:13-76
264            android:directBootAware="false"
264-->[androidx.profileinstaller:profileinstaller:1.3.1] AndroidManifest.xml:36:13-44
265            android:enabled="true"
265-->[androidx.profileinstaller:profileinstaller:1.3.1] AndroidManifest.xml:37:13-35
266            android:exported="true"
266-->[androidx.profileinstaller:profileinstaller:1.3.1] AndroidManifest.xml:38:13-36
267            android:permission="android.permission.DUMP" >
267-->[androidx.profileinstaller:profileinstaller:1.3.1] AndroidManifest.xml:39:13-57
268            <intent-filter>
268-->[androidx.profileinstaller:profileinstaller:1.3.1] AndroidManifest.xml:40:13-42:29
269                <action android:name="androidx.profileinstaller.action.INSTALL_PROFILE" />
269-->[androidx.profileinstaller:profileinstaller:1.3.1] AndroidManifest.xml:41:17-91
269-->[androidx.profileinstaller:profileinstaller:1.3.1] AndroidManifest.xml:41:25-88
270            </intent-filter>
271            <intent-filter>
271-->[androidx.profileinstaller:profileinstaller:1.3.1] AndroidManifest.xml:43:13-45:29